<?xml version="1.0" encoding="UTF-8"?>
<!-- Generated by org.testng.reporters.JUnitXMLReporter -->
<testsuite ignored="0" hostname="Abdul-Hamid-Raza" failures="0" tests="3" name="Default test" time="0.058" errors="0" timestamp="2020-07-19T20:36:36 IST">
  <testcase classname="testNGParallel.TestNGParallelThreadLocal" name="@BeforeClass testSetUp" time="-1.595171196838E9">
    <failure type="org.testng.TestNGException" message="
Parameter &amp;apos;browser&amp;apos; is required by BeforeClass on method testSetUp but has not been marked @Optional or defined
in C:\Users\Abdul Hamid Raza\AppData\Local\Temp\testng-eclipse-810637698\testng-customsuite.xml">
      <![CDATA[org.testng.TestNGException: 
Parameter 'browser' is required by BeforeClass on method testSetUp but has not been marked @Optional or defined
in C:\Users\Abdul Hamid Raza\AppData\Local\Temp\testng-eclipse-810637698\testng-customsuite.xml
at org.testng.internal.Parameters.createParams(Parameters.java:268)
at org.testng.internal.Parameters.createParametersForMethod(Parameters.java:356)
at org.testng.internal.Parameters.createParameters(Parameters.java:700)
at org.testng.internal.Parameters.createConfigurationParameters(Parameters.java:166)
at org.testng.internal.ConfigInvoker.invokeConfigurations(ConfigInvoker.java:299)
at org.testng.internal.TestMethodWorker.invokeBeforeClassMethods(TestMethodWorker.java:176)
at org.testng.internal.TestMethodWorker.run(TestMethodWorker.java:122)
at java.base/java.util.ArrayList.forEach(ArrayList.java:1507)
at org.testng.TestRunner.privateRun(TestRunner.java:767)
at org.testng.TestRunner.run(TestRunner.java:588)
at org.testng.SuiteRunner.runTest(SuiteRunner.java:384)
at org.testng.SuiteRunner.runSequentially(SuiteRunner.java:378)
at org.testng.SuiteRunner.privateRun(SuiteRunner.java:337)
at org.testng.SuiteRunner.run(SuiteRunner.java:286)
at org.testng.SuiteRunnerWorker.runSuite(SuiteRunnerWorker.java:53)
at org.testng.SuiteRunnerWorker.run(SuiteRunnerWorker.java:96)
at org.testng.TestNG.runSuitesSequentially(TestNG.java:1214)
at org.testng.TestNG.runSuitesLocally(TestNG.java:1136)
at org.testng.TestNG.runSuites(TestNG.java:1066)
at org.testng.TestNG.run(TestNG.java:1034)
at org.testng.remote.AbstractRemoteTestNG.run(AbstractRemoteTestNG.java:115)
at org.testng.remote.RemoteTestNG.initAndRun(RemoteTestNG.java:251)
at org.testng.remote.RemoteTestNG.main(RemoteTestNG.java:77)
]]>
    </failure>
  </testcase> <!-- @BeforeClass testSetUp -->
  <testcase classname="testNGParallel.TestNGParallelThreadLocal" name="@AfterClass endTest" time="-1.595171196878E9">
    <skipped/>
  </testcase> <!-- @AfterClass endTest -->
  <testcase classname="testNGParallel.TestNGParallelThreadLocal" name="openGUru99" time="0.0">
    <skipped/>
  </testcase> <!-- openGUru99 -->
  <testcase classname="testNGParallel.TestNGParallelThreadLocal" name="openGoogle" time="0.0">
    <skipped/>
  </testcase> <!-- openGoogle -->
  <testcase classname="testNGParallel.TestNGParallelThreadLocal" name="openInCom" time="0.0">
    <skipped/>
  </testcase> <!-- openInCom -->
</testsuite> <!-- Default test -->
